  c파일_.cpp
C:\Users\USER\Documents\data-structure-lab-2024\Project1\Project1\c파일_.cpp(11,22): error C2065: 'test_cast': 선언되지 않은 식별자입니다.
C:\Users\USER\Documents\data-structure-lab-2024\Project1\Project1\c파일_.cpp(26,9): warning C4473: 'printf': 서식 문자열에 대한 인수가 충분하게 전달되지 않았습니다.
  C:\Users\USER\Documents\data-structure-lab-2024\Project1\Project1\c파일_.cpp(26,9):
  자리 표시자 및 해당 매개 변수에는 variadic 인수가 1개 필요하지만 0개가 제공되었습니다.
  C:\Users\USER\Documents\data-structure-lab-2024\Project1\Project1\c파일_.cpp(26,9):
  누락된 variadic 인수 1이(가) 서식 문자열 '%d'에 필요합니다.
  
C:\Users\USER\Documents\data-structure-lab-2024\Project1\Project1\c파일_.cpp(27,1): error C2143: 구문 오류: ';'이(가) '}' 앞에 없습니다.
